[2026-05-15T16:47:24.651+0000] {taskinstance.py:1957} INFO - Dependencies all met for dep_context=non-requeueable deps ti=<TaskInstance: movie_pipeline.fetch_and_load_movies manual__2026-05-15T16:47:16.384714+00:00 [queued]>
[2026-05-15T16:47:24.687+0000] {taskinstance.py:1957} INFO - Dependencies all met for dep_context=requeueable deps ti=<TaskInstance: movie_pipeline.fetch_and_load_movies manual__2026-05-15T16:47:16.384714+00:00 [queued]>
[2026-05-15T16:47:24.688+0000] {taskinstance.py:2171} INFO - Starting attempt 1 of 1
[2026-05-15T16:47:24.739+0000] {taskinstance.py:2192} INFO - Executing <Task(PythonOperator): fetch_and_load_movies> on 2026-05-15 16:47:16.384714+00:00
[2026-05-15T16:47:24.769+0000] {standard_task_runner.py:60} INFO - Started process 439 to run task
[2026-05-15T16:47:24.775+0000] {standard_task_runner.py:87} INFO - Running: ['***', 'tasks', 'run', 'movie_pipeline', 'fetch_and_load_movies', 'manual__2026-05-15T16:47:16.384714+00:00', '--job-id', '2', '--raw', '--subdir', 'DAGS_FOLDER/movie_pipeline_dag.py', '--cfg-path', '/tmp/tmphbvg3yjx']
[2026-05-15T16:47:24.781+0000] {standard_task_runner.py:88} INFO - Job 2: Subtask fetch_and_load_movies
[2026-05-15T16:47:24.886+0000] {task_command.py:423} INFO - Running <TaskInstance: movie_pipeline.fetch_and_load_movies manual__2026-05-15T16:47:16.384714+00:00 [running]> on host 48d19a8869f3
[2026-05-15T16:47:30.312+0000] {taskinstance.py:2481} INFO - Exporting env vars: AIRFLOW_CTX_DAG_OWNER='***' AIRFLOW_CTX_DAG_ID='movie_pipeline' AIRFLOW_CTX_TASK_ID='fetch_and_load_movies' AIRFLOW_CTX_EXECUTION_DATE='2026-05-15T16:47:16.384714+00:00' AIRFLOW_CTX_TRY_NUMBER='1' AIRFLOW_CTX_DAG_RUN_ID='manual__2026-05-15T16:47:16.384714+00:00'
[2026-05-15T16:47:30.318+0000] {logging_mixin.py:188} INFO - Fetching movies from TMDB...
[2026-05-15T16:56:28.863+0000] {taskinstance.py:2699} ERROR - Task failed with exception
Traceback (most recent call last):
  File "/home/airflow/.local/lib/python3.8/site-packages/urllib3/connection.py", line 174, in _new_conn
    conn = connection.create_connection(
  File "/home/airflow/.local/lib/python3.8/site-packages/urllib3/util/connection.py", line 95, in create_connection
    raise err
  File "/home/airflow/.local/lib/python3.8/site-packages/urllib3/util/connection.py", line 85, in create_connection
    sock.connect(sa)
OSError: [Errno 101] Network is unreachable

During handling of the above exception, another exception occurred:

Traceback (most recent call last):
  File "/home/airflow/.local/lib/python3.8/site-packages/urllib3/connectionpool.py", line 715, in urlopen
    httplib_response = self._make_request(
  File "/home/airflow/.local/lib/python3.8/site-packages/urllib3/connectionpool.py", line 404, in _make_request
    self._validate_conn(conn)
  File "/home/airflow/.local/lib/python3.8/site-packages/urllib3/connectionpool.py", line 1058, in _validate_conn
    conn.connect()
  File "/home/airflow/.local/lib/python3.8/site-packages/urllib3/connection.py", line 363, in connect
    self.sock = conn = self._new_conn()
  File "/home/airflow/.local/lib/python3.8/site-packages/urllib3/connection.py", line 186, in _new_conn
    raise NewConnectionError(
urllib3.exceptions.NewConnectionError: <urllib3.connection.HTTPSConnection object at 0x7f3003ca1d00>: Failed to establish a new connection: [Errno 101] Network is unreachable

During handling of the above exception, another exception occurred:

Traceback (most recent call last):
  File "/home/airflow/.local/lib/python3.8/site-packages/requests/adapters.py", line 486, in send
    resp = conn.urlopen(
  File "/home/airflow/.local/lib/python3.8/site-packages/urllib3/connectionpool.py", line 799, in urlopen
    retries = retries.increment(
  File "/home/airflow/.local/lib/python3.8/site-packages/urllib3/util/retry.py", line 592, in increment
    raise MaxRetryError(_pool, url, error or ResponseError(cause))
urllib3.exceptions.MaxRetryError: HTTPSConnectionPool(host='api.themoviedb.org', port=443): Max retries exceeded with url: /3/movie/popular?api_key=your_api_key_here&page=1 (Caused by NewConnectionError('<urllib3.connection.HTTPSConnection object at 0x7f3003ca1d00>: Failed to establish a new connection: [Errno 101] Network is unreachable'))

During handling of the above exception, another exception occurred:

Traceback (most recent call last):
  File "/home/airflow/.local/lib/python3.8/site-packages/airflow/models/taskinstance.py", line 433, in _execute_task
    result = execute_callable(context=context, **execute_callable_kwargs)
  File "/home/airflow/.local/lib/python3.8/site-packages/airflow/operators/python.py", line 199, in execute
    return_value = self.execute_callable()
  File "/home/airflow/.local/lib/python3.8/site-packages/airflow/operators/python.py", line 216, in execute_callable
    return self.python_callable(*self.op_args, **self.op_kwargs)
  File "/opt/airflow/dags/movie_pipeline_dag.py", line 26, in fetch_and_load
    response = requests.get(url)
  File "/home/airflow/.local/lib/python3.8/site-packages/requests/api.py", line 73, in get
    return request("get", url, params=params, **kwargs)
  File "/home/airflow/.local/lib/python3.8/site-packages/requests/api.py", line 59, in request
    return session.request(method=method, url=url, **kwargs)
  File "/home/airflow/.local/lib/python3.8/site-packages/requests/sessions.py", line 589, in request
    resp = self.send(prep, **send_kwargs)
  File "/home/airflow/.local/lib/python3.8/site-packages/requests/sessions.py", line 703, in send
    r = adapter.send(request, **kwargs)
  File "/home/airflow/.local/lib/python3.8/site-packages/requests/adapters.py", line 519, in send
    raise ConnectionError(e, request=request)
requests.exceptions.ConnectionError: HTTPSConnectionPool(host='api.themoviedb.org', port=443): Max retries exceeded with url: /3/movie/popular?api_key=your_api_key_here&page=1 (Caused by NewConnectionError('<urllib3.connection.HTTPSConnection object at 0x7f3003ca1d00>: Failed to establish a new connection: [Errno 101] Network is unreachable'))
[2026-05-15T16:56:29.104+0000] {taskinstance.py:1138} INFO - Marking task as FAILED. dag_id=movie_pipeline, task_id=fetch_and_load_movies, execution_date=20260515T164716, start_date=20260515T164724, end_date=20260515T165629
[2026-05-15T16:56:29.217+0000] {standard_task_runner.py:107} ERROR - Failed to execute job 2 for task fetch_and_load_movies (HTTPSConnectionPool(host='api.themoviedb.org', port=443): Max retries exceeded with url: /3/movie/popular?api_key=your_api_key_here&page=1 (Caused by NewConnectionError('<urllib3.connection.HTTPSConnection object at 0x7f3003ca1d00>: Failed to establish a new connection: [Errno 101] Network is unreachable')); 439)
[2026-05-15T16:56:29.255+0000] {local_task_job_runner.py:234} INFO - Task exited with return code 1
[2026-05-15T16:56:29.347+0000] {taskinstance.py:3281} INFO - 0 downstream tasks scheduled from follow-on schedule check
